[2026-04-06 01:02:51] [INFO] [session_start] pid=17160 python=3.13.3 frozen=False app_dir=C:\Users\14441\Desktop\AI_paper
[2026-04-06 01:02:51] [INFO] [session_args] argv=-c
[2026-04-06 01:02:52] [INFO] [page_init] home=0.424s
[2026-04-06 01:02:52] [ERROR] [tk_callback_exception]
[2026-04-06 01:02:52] [ERROR] Traceback (most recent call last):
[2026-04-06 01:02:52] [ERROR]   File "D:\JetBrains\Python\Python313\Lib\tkinter\__init__.py", line 2068, in __call__
[2026-04-06 01:02:52] [ERROR]     return self.func(*args)
[2026-04-06 01:02:52] [ERROR]            ~~~~~~~~~^^^^^^^
[2026-04-06 01:02:52] [ERROR] TypeError: HomePage._relayout_usage_summary() takes 1 positional argument but 2 were given
[2026-04-06 01:02:52] [INFO] 页面切换: home
[2026-04-06 01:02:52] [ERROR] [tk_callback_exception]
[2026-04-06 01:02:52] [ERROR] Traceback (most recent call last):
[2026-04-06 01:02:52] [ERROR]   File "D:\JetBrains\Python\Python313\Lib\tkinter\__init__.py", line 2068, in __call__
[2026-04-06 01:02:52] [ERROR]     return self.func(*args)
[2026-04-06 01:02:52] [ERROR]            ~~~~~~~~~^^^^^^^
[2026-04-06 01:02:52] [ERROR] TypeError: HomePage._relayout_usage_summary() takes 1 positional argument but 2 were given
[2026-04-06 01:02:53] [ERROR] [tk_callback_exception]
[2026-04-06 01:02:53] [ERROR] Traceback (most recent call last):
[2026-04-06 01:02:53] [ERROR]   File "D:\JetBrains\Python\Python313\Lib\tkinter\__init__.py", line 2068, in __call__
[2026-04-06 01:02:53] [ERROR]     return self.func(*args)
[2026-04-06 01:02:53] [ERROR]            ~~~~~~~~~^^^^^^^
[2026-04-06 01:02:53] [ERROR] TypeError: HomePage._relayout_usage_summary() takes 1 positional argument but 2 were given
[2026-04-06 01:02:53] [INFO] [startup] fonts=0.001s scaling=0.000s services=0.030s theme=0.001s shell_nav=0.424s shell_content=0.002s shell_status=0.000s page_load=0.002s page_build=0.424s page_show=0.139s show=1.519s total=3.755s
[2026-04-06 01:02:53] [INFO] 应用启动
[2026-04-06 01:02:53] [ERROR] [tk_callback_exception]
[2026-04-06 01:02:53] [ERROR] Traceback (most recent call last):
[2026-04-06 01:02:53] [ERROR]   File "D:\JetBrains\Python\Python313\Lib\tkinter\__init__.py", line 2068, in __call__
[2026-04-06 01:02:53] [ERROR]     return self.func(*args)
[2026-04-06 01:02:53] [ERROR]            ~~~~~~~~~^^^^^^^
[2026-04-06 01:02:53] [ERROR] TypeError: HomePage._relayout_usage_summary() takes 1 positional argument but 2 were given
[2026-04-06 01:02:54] [ERROR] [tk_callback_exception]
[2026-04-06 01:02:54] [ERROR] Traceback (most recent call last):
[2026-04-06 01:02:54] [ERROR]   File "D:\JetBrains\Python\Python313\Lib\tkinter\__init__.py", line 2068, in __call__
[2026-04-06 01:02:54] [ERROR]     return self.func(*args)
[2026-04-06 01:02:54] [ERROR]            ~~~~~~~~~^^^^^^^
[2026-04-06 01:02:54] [ERROR] TypeError: HomePage._relayout_usage_summary() takes 1 positional argument but 2 were given
[2026-04-06 01:02:54] [STDOUT] {"startup": {"geometry": "2536x1480+0+0", "rect": [0, 0, 2560, 1504]}, "restored": {"geometry": "1926x1127+319+91", "rect": [319, 91, 2269, 1242]}, "maximized": {"geometry": "2538x1480+0+0", "rect": [0, 0, 2562, 1504]}, "restore_geometry": {"x": 319, "y": 91, "width": 1926, "height": 1127}}
